
> law-company-management-new@0.1.0 start
> react-scripts start

(node:31524) [DEP_WEBPACK_DEV_SERVER_ON_AFTER_SETUP_MIDDLEWARE] DeprecationWarning: 'onAfterSetupMiddleware' option is deprecated. Please use the 'setupMiddlewares' option.
(Use `node --trace-deprecation ...` to show where the warning was created)
(node:31524) [DEP_WEBPACK_DEV_SERVER_ON_BEFORE_SETUP_MIDDLEWARE] DeprecationWarning: 'onBeforeSetupMiddleware' option is deprecated. Please use the 'setupMiddlewares' option.
Starting the development server...

Compiled with warnings.

[eslint] 
src/App.js
  Line 21:8:  'InvoiceAndBilling' is defined but never used  no-unused-vars
  Line 25:8:  'ManageWorkflows' is defined but never used    no-unused-vars

src/components/Clients.js
  Line 32:9:  'handleAddClient' is assigned a value but never used    no-unused-vars
  Line 43:9:  'handleInputChange' is assigned a value but never used  no-unused-vars

src/components/SignUp.js
  Line 8:11:  'signUp' is assigned a value but never used  no-unused-vars

src/components/TimeManagement.js
  Line 7:10:  'addHours' is defined but never used  no-unused-vars

Search for the keywords to learn more about each warning.
To ignore, add // eslint-disable-next-line to the line before.

WARNING in [eslint] 
src/App.js
  Line 21:8:  'InvoiceAndBilling' is defined but never used  no-unused-vars
  Line 25:8:  'ManageWorkflows' is defined but never used    no-unused-vars

src/components/Clients.js
  Line 32:9:  'handleAddClient' is assigned a value but never used    no-unused-vars
  Line 43:9:  'handleInputChange' is assigned a value but never used  no-unused-vars

src/components/SignUp.js
  Line 8:11:  'signUp' is assigned a value but never used  no-unused-vars

src/components/TimeManagement.js
  Line 7:10:  'addHours' is defined but never used  no-unused-vars

webpack compiled with 1 warning
